<?xml version="1.0" encoding="UTF-8"?>
<!-- Generated by org.testng.reporters.JUnitReportReporter -->
<testsuite hostname="DESKTOP-PKLQR7E" failures="0" tests="1" name="Test.DataTableTest" time="9.521" errors="0" timestamp="2024-10-24T11:28:51 IST" skipped="0">
  <testcase classname="Test.DataTableTest" name="testTableDataInsertion" time="9.521"/>
</testsuite> <!-- Test.DataTableTest -->
